SF:lib\ui\core\widgets\action_card.dart
DA:12,3
DA:22,2
DA:24,2
DA:26,2
DA:29,2
DA:30,10
DA:31,2
DA:32,2
DA:33,2
DA:38,2
DA:40,2
DA:43,2
DA:44,2
DA:45,2
DA:46,4
DA:48,4
DA:52,2
DA:53,2
DA:54,2
DA:55,4
DA:57,4
DA:63,2
DA:64,2
DA:65,2
DA:66,4
LF:25
LH:25
end_of_record
SF:lib\ui\features\attivita\view\attivita_view.dart
DA:15,2
DA:17,0
DA:18,0
DA:27,0
DA:29,0
DA:30,0
DA:31,0
DA:32,0
DA:33,0
DA:34,0
DA:39,0
DA:41,0
DA:42,0
DA:44,0
DA:45,0
DA:46,0
DA:47,0
DA:48,0
DA:49,0
DA:53,0
DA:54,0
DA:57,0
DA:58,0
DA:62,0
DA:63,0
DA:64,0
DA:67,0
DA:68,0
DA:69,0
DA:71,0
DA:72,0
DA:78,0
DA:80,0
DA:81,0
DA:82,0
DA:85,0
DA:87,0
DA:90,0
DA:91,0
DA:92,0
DA:93,0
DA:98,0
DA:99,0
DA:102,0
DA:105,0
DA:108,0
DA:109,0
DA:110,0
DA:114,0
DA:118,0
DA:119,0
DA:120,0
DA:122,0
DA:123,0
DA:124,0
DA:126,0
DA:127,0
DA:149,0
DA:151,0
DA:153,0
DA:155,0
DA:156,0
DA:158,0
DA:161,0
DA:162,0
DA:163,0
DA:164,0
DA:165,0
DA:166,0
DA:167,0
DA:169,0
DA:170,0
DA:172,0
DA:173,0
DA:174,0
DA:177,0
DA:178,0
DA:181,0
DA:183,0
DA:184,0
DA:204,1
DA:206,1
DA:208,1
DA:209,1
DA:210,1
DA:211,1
DA:212,1
DA:214,1
DA:216,1
DA:217,1
DA:219,1
DA:222,2
DA:225,1
DA:226,1
DA:229,1
DA:230,1
DA:231,13
DA:232,1
DA:235,2
DA:239,1
DA:241,1
DA:243,2
DA:247,1
DA:248,3
DA:249,1
DA:252,2
DA:256,1
DA:258,1
DA:260,2
DA:276,1
DA:278,1
DA:280,1
DA:281,1
DA:282,1
DA:283,1
DA:284,1
DA:287,1
DA:288,1
DA:289,1
DA:291,1
DA:292,1
DA:293,1
DA:294,1
DA:295,1
DA:296,4
DA:297,1
DA:298,1
DA:299,1
DA:300,2
DA:303,2
DA:304,2
DA:324,1
DA:330,1
DA:332,1
DA:334,1
DA:335,1
DA:336,1
DA:339,3
DA:340,1
DA:341,4
DA:342,4
DA:344,0
DA:345,0
DA:348,1
DA:351,1
DA:352,1
DA:353,1
DA:356,1
DA:357,1
DA:358,1
DA:362,1
DA:363,1
DA:367,1
DA:368,1
DA:369,3
DA:370,0
DA:371,0
DA:372,0
DA:375,1
DA:376,2
DA:377,5
DA:378,1
DA:379,2
DA:384,1
DA:385,1
DA:386,3
DA:387,0
DA:388,0
DA:391,0
DA:392,0
DA:395,0
DA:403,3
DA:404,1
DA:405,1
DA:406,4
DA:407,4
DA:411,1
DA:412,1
DA:413,2
DA:415,1
DA:416,1
DA:417,1
DA:418,1
DA:438,1
DA:440,1
DA:442,1
DA:444,1
DA:445,1
DA:446,1
DA:447,2
DA:450,1
DA:453,1
DA:454,1
DA:455,1
DA:457,1
DA:458,1
DA:459,1
DA:461,3
DA:464,1
DA:465,1
DA:467,1
DA:472,1
DA:473,2
DA:474,1
DA:477,2
DA:494,1
DA:496,1
DA:498,1
DA:500,1
DA:501,1
DA:502,1
DA:505,2
DA:506,3
DA:507,5
DA:508,0
DA:510,1
DA:512,2
DA:514,1
DA:517,1
DA:518,1
DA:519,1
DA:521,1
DA:522,1
DA:533,1
DA:536,1
DA:539,2
DA:543,1
DA:545,1
DA:546,1
DA:549,3
DA:551,1
DA:552,3
DA:553,1
DA:555,1
DA:556,2
DA:559,1
DA:566,1
DA:569,3
DA:574,1
DA:575,2
DA:576,3
DA:577,2
DA:578,1
DA:590,1
DA:592,1
DA:595,1
DA:598,1
DA:599,1
DA:605,1
DA:618,0
DA:620,0
DA:622,0
DA:623,0
DA:624,0
DA:625,0
DA:628,0
DA:629,0
DA:630,0
DA:631,0
DA:633,0
DA:635,0
DA:643,0
DA:644,0
DA:645,0
DA:646,0
DA:648,0
LF:266
LH:159
end_of_record
SF:lib\ui\features\attivita\view_model\attivita_view_model.dart
DA:55,0
DA:56,0
DA:58,0
DA:59,0
DA:62,0
DA:63,0
DA:65,0
DA:68,0
DA:69,0
DA:70,0
DA:71,0
DA:73,0
DA:74,0
DA:77,0
DA:81,0
DA:82,0
DA:83,0
DA:86,0
DA:88,0
DA:89,0
DA:90,0
DA:94,0
DA:95,0
DA:96,0
DA:99,0
DA:101,0
DA:102,0
DA:106,0
DA:107,0
DA:108,0
DA:111,0
DA:124,0
DA:129,0
DA:131,0
DA:132,0
DA:133,0
DA:135,0
DA:138,0
DA:139,0
DA:140,0
DA:142,0
DA:143,0
DA:144,0
DA:145,0
DA:147,0
DA:149,0
DA:150,0
DA:151,0
DA:153,0
DA:157,0
DA:158,0
DA:161,0
DA:162,0
DA:163,0
DA:165,0
DA:166,0
DA:167,0
DA:169,0
DA:170,0
DA:171,0
DA:174,0
DA:175,0
DA:176,0
DA:178,0
DA:181,0
DA:182,0
DA:183,0
DA:185,0
DA:188,0
DA:189,0
DA:190,0
DA:192,0
DA:193,0
DA:195,0
DA:199,0
DA:202,0
DA:204,0
DA:205,0
DA:206,0
DA:208,0
DA:209,0
DA:210,0
DA:214,0
DA:215,0
DA:216,0
DA:217,0
DA:234,0
DA:235,0
DA:236,0
DA:237,0
DA:238,0
DA:243,0
DA:244,0
DA:246,0
DA:247,0
DA:248,0
DA:249,0
DA:250,0
DA:252,0
DA:255,0
DA:257,0
DA:258,0
DA:260,0
DA:262,0
DA:267,0
DA:269,0
DA:270,0
DA:274,0
DA:275,0
DA:276,0
DA:277,0
DA:278,0
DA:279,0
DA:280,0
DA:282,0
DA:283,0
DA:286,0
DA:288,0
DA:289,0
DA:294,0
DA:297,0
DA:298,0
DA:299,0
DA:300,0
DA:301,0
DA:302,0
DA:303,0
DA:304,0
DA:306,0
DA:307,0
DA:308,0
DA:309,0
DA:312,0
DA:313,0
DA:316,0
DA:318,0
DA:319,0
DA:326,0
DA:327,0
DA:329,0
DA:330,0
DA:331,0
DA:332,0
DA:333,0
DA:336,0
DA:339,0
DA:340,0
DA:343,0
DA:344,0
DA:345,0
DA:346,0
DA:348,0
DA:352,0
DA:353,0
DA:356,0
DA:358,0
DA:362,0
DA:363,0
DA:364,0
DA:365,0
DA:367,0
DA:368,0
DA:370,0
DA:372,0
DA:373,0
DA:374,0
DA:375,0
DA:376,0
DA:377,0
DA:378,0
DA:381,0
DA:385,0
DA:386,0
DA:388,0
DA:389,0
DA:390,0
DA:391,0
DA:392,0
DA:393,0
DA:396,0
LF:180
LH:0
end_of_record
SF:lib\ui\features\crea_tu\view_model\crea_tu_view_model.dart
DA:21,1
DA:25,1
DA:35,0
DA:38,0
DA:44,0
DA:48,0
DA:49,0
DA:52,0
DA:53,0
DA:57,0
DA:58,0
DA:59,0
DA:63,0
DA:66,0
DA:67,0
DA:68,0
DA:69,0
DA:71,0
DA:72,0
DA:76,0
DA:77,0
DA:78,0
DA:81,0
DA:82,0
DA:83,0
DA:84,0
DA:88,0
DA:96,0
DA:97,0
DA:98,0
DA:100,0
DA:101,0
DA:106,0
DA:107,0
DA:108,0
DA:111,0
DA:116,0
DA:117,0
DA:119,0
DA:121,0
DA:122,0
DA:126,0
DA:128,0
DA:134,0
DA:135,0
DA:136,0
DA:137,0
DA:138,0
DA:139,0
DA:141,0
DA:144,0
DA:145,0
DA:148,0
DA:149,0
DA:150,0
DA:152,0
DA:156,0
DA:160,0
DA:165,0
DA:169,0
DA:170,0
DA:171,0
DA:172,0
DA:173,0
DA:174,0
DA:176,0
DA:179,0
DA:182,0
DA:183,0
DA:184,0
DA:188,0
DA:193,0
DA:198,0
DA:203,0
DA:204,0
DA:205,0
DA:206,0
DA:207,0
DA:208,0
DA:211,0
DA:216,0
DA:221,0
DA:228,0
DA:231,0
DA:232,0
DA:233,0
DA:234,0
DA:235,0
DA:236,0
DA:238,0
DA:241,0
DA:244,0
DA:245,0
DA:248,0
DA:253,0
DA:259,0
DA:260,0
DA:261,0
DA:264,0
DA:269,0
DA:270,0
DA:271,0
DA:272,0
DA:273,0
DA:274,0
DA:275,0
DA:276,0
DA:282,0
DA:285,0
DA:286,0
DA:289,0
DA:290,0
DA:291,0
DA:292,0
DA:295,0
DA:299,0
DA:305,0
DA:306,0
DA:309,0
DA:311,0
DA:312,0
DA:313,0
DA:316,0
DA:317,0
DA:318,0
DA:320,0
DA:322,0
DA:324,0
DA:325,0
DA:326,0
DA:328,0
DA:330,0
DA:331,0
DA:332,0
DA:336,0
DA:337,0
DA:344,0
DA:345,0
DA:353,0
DA:354,0
DA:355,0
DA:357,0
DA:358,0
DA:367,0
DA:368,0
DA:371,0
DA:372,0
DA:373,0
DA:374,0
DA:378,0
DA:379,0
DA:380,0
DA:382,0
DA:383,0
DA:384,0
DA:385,0
DA:388,0
DA:389,0
DA:390,0
DA:391,0
DA:394,0
DA:397,0
DA:399,0
DA:400,0
DA:401,0
DA:402,0
LF:166
LH:2
end_of_record
SF:lib\data\repositories\percorso_repository.dart
DA:9,0
DA:11,0
DA:12,0
DA:13,0
DA:14,0
DA:15,0
DA:17,0
DA:18,0
DA:19,0
DA:20,0
DA:22,0
DA:23,0
DA:29,0
DA:34,0
DA:35,0
DA:36,0
DA:38,0
DA:39,0
DA:42,0
DA:43,0
DA:46,0
DA:48,0
DA:49,0
DA:50,0
DA:51,0
DA:53,0
DA:54,0
DA:59,0
DA:61,0
DA:64,0
DA:69,0
DA:71,0
DA:76,0
LF:33
LH:0
end_of_record
SF:lib\domain\models\percorso_model.dart
DA:15,2
DA:27,0
DA:28,0
DA:29,0
DA:30,0
DA:31,0
DA:32,0
DA:33,0
DA:34,0
DA:35,0
DA:36,0
DA:40,0
DA:41,0
DA:43,0
DA:44,0
DA:45,0
DA:46,0
DA:47,0
DA:48,0
DA:49,0
DA:51,0
DA:52,0
LF:22
LH:1
end_of_record
SF:lib\data\repositories\user_repository.dart
DA:10,0
DA:12,0
DA:13,0
DA:14,0
DA:15,0
DA:16,0
DA:17,0
DA:18,0
DA:21,0
DA:26,0
DA:28,0
DA:30,0
DA:31,0
DA:32,0
DA:33,0
DA:34,0
DA:35,0
DA:37,0
DA:38,0
DA:39,0
DA:42,0
DA:46,0
DA:51,0
DA:53,0
DA:55,0
LF:25
LH:0
end_of_record
SF:lib\domain\models\user_model.dart
DA:11,1
DA:20,1
DA:21,2
DA:23,6
DA:26,1
DA:27,1
DA:28,3
DA:29,3
DA:31,1
DA:33,4
DA:34,2
LF:11
LH:11
end_of_record
SF:lib\data\services\location\routing_service.dart
DA:9,0
DA:10,0
DA:11,0
DA:15,0
DA:16,0
DA:17,0
DA:18,0
DA:19,0
DA:20,0
DA:22,0
DA:23,0
DA:27,0
DA:30,0
DA:34,0
DA:35,0
DA:39,0
DA:40,0
DA:41,0
DA:45,0
DA:47,0
DA:50,0
DA:51,0
DA:52,0
DA:53,0
DA:54,0
DA:55,0
DA:56,0
DA:57,0
DA:62,0
LF:29
LH:0
end_of_record
SF:lib\ui\core\providers\user_provider.dart
DA:11,0
DA:12,0
DA:15,0
DA:16,0
DA:18,0
DA:21,0
DA:22,0
DA:23,0
DA:27,0
DA:28,0
DA:30,0
DA:32,0
DA:33,0
DA:35,0
DA:36,0
DA:40,0
DA:41,0
DA:45,0
DA:47,0
DA:49,0
DA:55,0
DA:56,0
DA:57,0
DA:58,0
LF:24
LH:0
end_of_record
SF:lib\ui\core\widgets\route_card.dart
DA:12,1
DA:22,1
DA:24,1
DA:26,1
DA:28,1
DA:30,1
DA:31,1
DA:32,1
DA:33,1
DA:39,1
DA:41,1
DA:43,1
DA:50,1
DA:52,1
DA:54,1
DA:56,1
DA:57,2
DA:59,0
DA:62,1
DA:63,1
DA:64,1
DA:67,1
DA:69,1
DA:76,1
DA:79,1
DA:81,1
DA:82,1
DA:83,1
DA:90,1
DA:91,2
DA:102,1
DA:103,1
DA:104,1
DA:109,1
DA:110,3
DA:111,1
DA:113,1
DA:114,1
DA:117,2
DA:121,2
DA:123,1
DA:124,1
DA:125,1
DA:126,1
DA:141,2
LF:45
LH:44
end_of_record
SF:lib\ui\features\crea_tu\view\crea_tu_view.dart
DA:14,9
DA:16,0
DA:17,0
DA:30,0
DA:32,0
DA:33,0
DA:36,0
DA:38,0
DA:39,0
DA:41,0
DA:42,0
DA:47,0
DA:49,0
DA:50,0
DA:51,0
DA:54,0
DA:56,0
DA:59,0
DA:63,0
DA:64,0
DA:66,0
DA:70,0
DA:72,0
DA:73,0
DA:78,0
DA:79,0
DA:80,0
DA:85,0
DA:87,0
DA:94,0
DA:95,0
DA:98,0
DA:100,0
DA:101,0
DA:105,0
DA:107,0
DA:108,0
DA:109,0
DA:110,0
DA:112,0
DA:113,0
DA:114,0
DA:115,0
DA:116,0
DA:119,0
DA:121,0
DA:130,0
DA:131,0
DA:132,0
DA:133,0
DA:134,0
DA:135,0
DA:136,0
DA:137,0
DA:138,0
DA:141,0
DA:142,0
DA:143,0
DA:162,1
DA:164,1
DA:167,1
DA:168,1
DA:170,1
DA:171,1
DA:172,1
DA:173,1
DA:174,3
DA:186,1
DA:188,1
DA:190,3
DA:192,1
DA:193,1
DA:194,1
DA:195,1
DA:196,2
DA:197,1
DA:200,0
DA:202,1
DA:203,1
DA:207,1
DA:208,4
DA:210,1
DA:211,1
DA:212,1
DA:213,1
DA:214,1
DA:215,1
DA:217,5
DA:220,1
DA:222,1
DA:223,4
DA:224,0
DA:225,1
DA:230,1
DA:231,1
DA:232,2
DA:233,0
DA:234,0
DA:235,0
DA:237,5
DA:238,0
DA:239,0
DA:240,0
DA:251,0
DA:252,0
DA:253,0
DA:254,0
DA:255,0
DA:260,0
DA:261,0
DA:262,0
DA:263,0
DA:266,0
DA:267,0
DA:275,1
DA:277,1
DA:279,3
DA:281,1
DA:282,1
DA:283,1
DA:284,2
DA:286,1
DA:287,1
DA:288,1
DA:289,1
DA:291,1
DA:292,1
DA:294,2
DA:310,1
DA:312,1
DA:314,1
DA:315,1
DA:316,1
DA:317,1
DA:320,1
DA:321,1
DA:323,1
DA:325,3
DA:327,1
DA:329,1
DA:331,1
DA:333,1
DA:334,1
DA:335,1
DA:336,1
DA:337,4
DA:342,2
DA:355,1
DA:357,1
DA:360,3
DA:361,1
DA:363,1
DA:364,2
DA:365,1
DA:366,1
DA:367,1
DA:370,1
DA:382,0
DA:384,0
DA:386,0
DA:387,0
DA:389,0
DA:390,0
DA:391,0
DA:392,0
DA:393,0
DA:394,0
DA:396,0
DA:398,0
DA:399,0
DA:415,0
DA:418,0
DA:419,0
DA:420,0
DA:421,0
DA:422,0
DA:424,0
DA:425,0
DA:426,0
DA:428,0
DA:429,0
DA:430,0
DA:432,0
DA:433,0
DA:434,0
DA:436,0
DA:437,0
DA:438,0
DA:440,0
DA:441,0
DA:442,0
DA:443,0
DA:445,0
DA:447,0
DA:448,0
DA:449,0
DA:452,0
DA:453,0
DA:462,0
DA:464,0
DA:465,0
DA:466,0
DA:480,1
DA:482,1
DA:484,3
DA:486,1
DA:487,1
DA:488,1
DA:489,4
DA:491,1
DA:495,1
DA:496,1
DA:497,1
DA:498,1
DA:500,1
DA:501,0
DA:502,0
DA:504,0
DA:507,1
DA:509,1
DA:517,1
DA:518,1
DA:520,1
DA:521,0
DA:522,0
DA:523,0
DA:525,1
DA:527,1
LF:228
LH:101
end_of_record
SF:lib\ui\features\crea_tu\view\salva_percorso_modal.dart
DA:10,0
DA:12,0
DA:13,0
DA:32,0
DA:34,0
DA:35,0
DA:38,0
DA:40,0
DA:41,0
DA:43,0
DA:44,0
DA:45,0
DA:51,0
DA:53,0
DA:57,0
DA:58,0
DA:59,0
DA:63,0
DA:64,0
DA:65,0
DA:69,0
DA:71,0
DA:79,0
DA:80,0
DA:81,0
DA:86,0
DA:87,0
DA:104,0
DA:106,0
DA:107,0
DA:108,0
DA:109,0
DA:111,0
DA:112,0
DA:114,0
DA:115,0
DA:120,0
DA:126,0
DA:131,0
DA:133,0
DA:135,0
DA:137,0
DA:146,0
DA:148,0
DA:155,0
DA:158,0
DA:159,0
DA:160,0
DA:161,0
DA:170,0
DA:171,0
DA:173,0
DA:174,0
DA:175,0
DA:176,0
DA:179,0
DA:181,0
DA:183,0
DA:186,0
LF:59
LH:0
end_of_record
SF:lib\ui\features\main_wrapper\view_model\main_wrapper_view_model.dart
DA:9,0
DA:10,0
DA:11,0
DA:13,0
DA:14,0
DA:15,0
DA:16,0
DA:18,0
DA:19,0
DA:22,0
DA:23,0
DA:24,0
DA:25,0
DA:28,0
DA:29,0
DA:30,0
DA:32,0
DA:35,0
DA:36,0
DA:37,0
DA:38,0
DA:40,0
DA:41,0
LF:23
LH:0
end_of_record
SF:lib\ui\features\miei_percorsi\view\miei_percorsi_view.dart
DA:11,0
DA:13,0
DA:14,0
DA:20,0
DA:22,0
DA:23,0
DA:24,0
DA:26,0
DA:31,0
DA:33,0
DA:36,0
DA:38,0
DA:40,0
DA:42,0
DA:44,0
DA:46,0
DA:53,0
DA:56,0
DA:70,1
DA:72,1
DA:74,1
DA:75,1
DA:76,1
DA:77,2
DA:81,2
DA:82,0
DA:85,3
DA:94,0
DA:96,0
DA:97,0
DA:98,0
DA:99,0
DA:101,0
DA:102,0
DA:103,0
DA:106,0
DA:107,0
DA:121,1
DA:123,1
DA:125,1
DA:126,1
DA:127,1
DA:128,1
DA:130,1
DA:131,1
DA:132,1
DA:133,1
DA:135,3
DA:136,3
DA:140,1
DA:141,1
DA:143,3
DA:144,0
DA:160,2
DA:167,2
DA:169,2
DA:170,2
DA:171,2
DA:173,2
DA:174,2
DA:175,2
DA:176,6
DA:179,2
DA:180,2
DA:181,2
DA:182,2
DA:195,1
DA:201,1
DA:202,1
DA:204,2
DA:206,4
DA:207,1
DA:208,1
DA:209,0
DA:212,1
DA:213,1
DA:214,0
DA:215,0
DA:216,0
DA:217,0
DA:218,0
DA:230,0
DA:231,0
DA:232,0
DA:234,0
DA:236,0
DA:237,0
DA:238,0
DA:239,0
DA:242,0
DA:243,0
DA:244,0
DA:245,0
DA:254,1
DA:256,1
DA:257,1
DA:258,1
DA:260,1
DA:262,1
DA:263,0
DA:264,1
DA:269,1
DA:270,2
DA:271,0
DA:272,1
DA:273,1
DA:275,1
DA:276,1
DA:277,1
DA:278,2
DA:283,1
DA:284,2
DA:296,1
DA:297,0
DA:298,0
DA:305,1
DA:315,1
DA:316,2
DA:318,2
DA:324,1
DA:327,1
DA:328,0
DA:329,0
DA:331,0
DA:339,1
LF:125
LH:70
end_of_record
SF:lib\ui\features\miei_percorsi\view_model\miei_percorsi_view_model.dart
DA:18,0
DA:19,0
DA:20,0
DA:21,0
DA:24,0
DA:25,0
DA:27,0
DA:28,0
DA:30,0
DA:31,0
DA:36,0
DA:37,0
DA:39,0
DA:40,0
DA:41,0
DA:44,0
DA:45,0
DA:46,0
DA:47,0
DA:48,0
DA:50,0
DA:51,0
DA:52,0
DA:57,0
DA:59,0
DA:63,0
DA:64,0
DA:65,0
DA:72,0
DA:73,0
DA:74,0
DA:75,0
DA:81,0
DA:82,0
DA:83,0
DA:84,0
DA:85,0
LF:37
LH:0
end_of_record
SF:lib\data\repositories\activity_repository.dart
DA:8,0
DA:11,0
DA:13,0
DA:14,0
DA:17,0
DA:18,0
DA:19,0
DA:21,0
DA:22,0
DA:23,0
DA:25,0
DA:26,0
DA:31,0
DA:32,0
DA:34,0
DA:39,0
DA:44,0
DA:46,0
DA:52,0
DA:53,0
DA:54,0
DA:55,0
DA:56,0
DA:57,0
DA:59,0
DA:60,0
DA:61,0
LF:27
LH:0
end_of_record
SF:lib\domain\models\activity_model.dart
DA:18,2
DA:33,0
DA:34,0
DA:35,0
DA:36,0
DA:37,0
DA:38,0
DA:39,0
DA:40,0
DA:41,0
DA:42,0
DA:43,0
DA:44,0
DA:49,0
DA:50,0
DA:52,0
DA:53,0
DA:54,0
DA:55,0
DA:56,0
DA:57,0
DA:58,0
DA:59,0
DA:60,0
DA:61,0
LF:25
LH:1
end_of_record
SF:lib\data\services\POI\poi_service.dart
DA:9,0
DA:10,0
DA:11,0
DA:12,0
DA:15,0
DA:16,0
DA:17,0
DA:21,0
DA:22,0
DA:25,0
DA:26,0
DA:40,0
DA:42,0
DA:45,0
DA:47,0
DA:51,0
DA:54,0
DA:55,0
DA:56,0
DA:58,0
DA:59,0
DA:62,0
DA:63,0
DA:64,0
DA:65,0
DA:66,0
DA:67,0
DA:68,0
DA:69,0
DA:77,0
DA:78,0
DA:81,0
DA:82,0
DA:83,0
DA:84,0
DA:85,0
DA:87,0
DA:88,0
DA:89,0
DA:91,0
DA:93,0
DA:95,0
DA:97,0
DA:99,0
DA:104,0
DA:105,0
DA:106,0
DA:107,0
DA:115,0
LF:49
LH:0
end_of_record
SF:lib\data\services\ai\gemini_service.dart
DA:9,0
DA:11,0
DA:16,0
DA:27,0
DA:30,0
DA:31,0
DA:32,0
DA:56,0
DA:59,0
DA:60,0
DA:64,0
DA:65,0
DA:66,0
DA:67,0
DA:71,0
DA:76,0
DA:79,0
DA:87,0
DA:90,0
DA:91,0
DA:93,0
DA:98,0
DA:105,0
DA:108,0
DA:117,0
DA:120,0
DA:121,0
DA:123,0
DA:128,0
DA:135,0
DA:138,0
DA:143,0
DA:146,0
DA:147,0
DA:149,0
LF:35
LH:0
end_of_record
SF:lib\data\services\audio\audio_manager.dart
DA:14,0
DA:15,0
DA:16,0
DA:22,0
DA:23,0
DA:27,0
DA:28,0
DA:29,0
DA:32,0
DA:33,0
DA:34,0
DA:35,0
DA:39,0
DA:40,0
DA:44,0
DA:45,0
DA:47,0
DA:49,0
DA:51,0
DA:53,0
DA:54,0
DA:57,0
DA:58,0
DA:59,0
LF:24
LH:0
end_of_record
SF:lib\data\services\audio\tts_service.dart
DA:7,0
DA:8,0
DA:9,0
DA:10,0
DA:12,0
DA:15,0
DA:18,0
DA:20,0
DA:24,0
DA:25,0
DA:27,0
DA:28,0
DA:29,0
DA:30,0
DA:33,0
DA:34,0
DA:35,0
DA:39,0
DA:43,0
DA:44,0
DA:47,0
DA:49,0
DA:50,0
DA:51,0
DA:54,0
DA:55,0
LF:26
LH:0
end_of_record
SF:lib\data\services\audio\mindfulness_service.dart
DA:7,0
DA:8,0
DA:11,0
DA:14,0
DA:19,0
DA:21,0
DA:22,0
DA:29,0
DA:36,0
DA:41,0
DA:43,0
DA:51,0
LF:12
LH:0
end_of_record
SF:lib\data\services\location\location_service.dart
DA:7,0
DA:9,0
DA:15,0
DA:17,0
DA:19,0
DA:29,0
DA:31,0
DA:33,0
DA:35,0
DA:36,0
DA:39,0
DA:43,0
DA:44,0
DA:48,0
DA:50,0
DA:51,0
DA:52,0
DA:53,0
DA:56,0
DA:57,0
DA:59,0
DA:61,0
DA:62,0
DA:67,0
DA:68,0
DA:69,0
DA:70,0
DA:71,0
DA:72,0
DA:73,0
DA:74,0
DA:75,0
DA:76,0
DA:77,0
DA:80,0
DA:81,0
DA:83,0
DA:85,0
DA:86,0
DA:87,0
DA:88,0
DA:95,0
DA:98,0
DA:101,0
DA:104,0
DA:106,0
DA:107,0
DA:108,0
DA:121,0
DA:122,0
DA:125,0
DA:126,0
DA:127,0
DA:130,0
DA:132,0
DA:133,0
DA:134,0
DA:140,0
DA:141,0
DA:145,0
DA:146,0
DA:151,0
DA:152,0
DA:153,0
DA:156,0
DA:157,0
DA:160,0
DA:164,0
DA:165,0
DA:167,0
DA:171,0
DA:173,0
DA:176,0
DA:177,0
DA:178,0
DA:179,0
DA:182,0
DA:183,0
DA:185,0
DA:186,0
DA:187,0
DA:190,0
DA:191,0
DA:192,0
DA:197,0
DA:198,0
DA:200,0
DA:201,0
DA:205,0
DA:206,0
DA:217,0
DA:218,0
DA:224,0
DA:227,0
DA:228,0
DA:229,0
DA:232,0
DA:235,0
DA:236,0
DA:239,0
DA:240,0
DA:242,0
DA:243,0
DA:248,0
DA:251,0
DA:254,0
DA:256,0
DA:257,0
DA:261,0
DA:264,0
DA:266,0
DA:267,0
DA:268,0
DA:269,0
DA:270,0
DA:271,0
LF:116
LH:0
end_of_record
SF:lib\data\services\location\location_utils.dart
DA:6,0
DA:9,0
DA:10,0
DA:12,0
DA:13,0
DA:14,0
DA:15,0
DA:16,0
DA:18,0
DA:19,0
DA:22,0
LF:11
LH:0
end_of_record
SF:lib\data\services\location\mock_location_service.dart
DA:12,0
DA:14,0
DA:16,0
DA:20,0
DA:25,0
DA:27,0
DA:29,0
DA:30,0
DA:35,0
DA:37,0
DA:39,0
DA:41,0
DA:43,0
DA:44,0
DA:46,0
DA:48,0
DA:54,0
DA:55,0
LF:18
LH:0
end_of_record
SF:lib\ui\core\widgets\condivisione_dialog.dart
DA:15,1
DA:17,1
DA:18,1
DA:25,0
DA:26,0
DA:30,0
DA:33,0
DA:34,0
DA:37,0
DA:39,0
DA:40,0
DA:41,0
DA:42,0
DA:43,0
DA:46,0
DA:47,0
DA:49,0
DA:52,0
DA:54,0
DA:56,0
DA:60,1
DA:62,1
DA:63,2
DA:65,1
DA:68,1
DA:70,1
DA:71,1
DA:72,1
DA:73,1
DA:76,1
DA:79,1
DA:80,2
DA:81,1
DA:83,1
DA:84,1
DA:87,1
DA:97,1
DA:98,1
DA:108,1
DA:109,0
DA:120,1
DA:121,1
DA:123,1
DA:126,1
DA:128,1
DA:129,1
DA:130,1
DA:139,1
DA:141,1
DA:142,1
DA:144,1
DA:145,1
DA:149,1
DA:150,2
DA:151,0
DA:152,0
DA:154,1
DA:162,1
DA:164,1
DA:165,1
DA:167,5
DA:171,1
DA:175,1
DA:176,1
DA:178,1
DA:180,5
DA:187,1
DA:189,1
DA:190,1
DA:193,1
DA:195,1
DA:197,1
DA:209,1
DA:215,1
DA:217,1
DA:218,1
DA:219,1
DA:221,1
DA:228,1
DA:230,1
DA:233,1
DA:234,1
LF:82
LH:62
end_of_record
SF:lib\ui\features\questionario\view\questionario_view.dart
DA:13,1
DA:19,1
DA:20,1
DA:26,1
DA:28,1
DA:29,3
DA:37,1
DA:40,4
DA:41,4
DA:44,1
DA:46,1
DA:47,1
DA:49,1
DA:51,1
DA:56,1
DA:59,1
DA:60,1
DA:61,1
DA:62,3
DA:66,1
DA:67,1
DA:68,4
DA:72,1
DA:73,1
DA:74,0
DA:75,0
DA:77,0
DA:78,0
DA:85,1
DA:86,1
DA:87,2
DA:88,1
DA:89,1
DA:90,1
DA:94,1
DA:95,2
DA:96,1
DA:112,5
DA:114,1
DA:116,1
DA:117,1
DA:118,1
DA:119,1
DA:122,3
DA:143,1
DA:149,1
DA:151,3
DA:153,1
DA:154,1
DA:155,1
DA:158,1
DA:160,1
DA:162,1
DA:163,1
DA:166,1
DA:167,1
DA:168,1
DA:169,1
DA:170,1
DA:171,2
DA:172,1
DA:177,1
DA:179,1
DA:200,1
DA:203,1
DA:205,1
DA:207,1
DA:208,1
DA:209,1
DA:210,1
DA:211,1
DA:212,1
DA:213,1
DA:214,2
DA:215,1
DA:220,1
DA:222,1
DA:260,1
DA:266,1
DA:268,3
DA:270,1
DA:271,1
DA:272,1
DA:274,1
DA:281,1
DA:283,1
DA:285,2
DA:286,3
DA:287,1
DA:288,4
DA:289,1
DA:292,1
DA:295,1
DA:296,1
DA:299,1
DA:300,1
DA:305,1
DA:308,2
DA:310,1
DA:311,2
DA:328,1
DA:334,1
DA:336,3
DA:338,1
DA:339,1
DA:340,1
DA:343,1
DA:350,1
DA:351,1
DA:352,1
DA:353,1
DA:355,2
DA:356,3
DA:361,1
DA:362,1
DA:364,2
DA:365,0
DA:375,1
DA:381,1
DA:383,1
DA:386,1
DA:387,1
DA:388,1
DA:390,1
DA:392,1
DA:415,1
DA:421,1
DA:423,3
DA:425,1
DA:426,1
DA:427,1
DA:429,1
DA:436,1
DA:440,2
DA:441,2
DA:442,1
DA:443,1
DA:445,0
DA:448,1
DA:449,1
DA:458,1
DA:472,1
DA:481,1
DA:483,3
DA:486,1
DA:487,1
DA:488,1
DA:489,1
DA:492,1
DA:493,2
DA:495,1
DA:496,2
DA:497,2
DA:498,2
DA:499,1
DA:500,1
DA:501,1
DA:504,1
DA:505,4
DA:506,2
DA:509,1
DA:513,2
DA:538,1
DA:544,1
DA:546,1
DA:547,0
DA:548,0
DA:550,0
DA:551,0
LF:169
LH:159
end_of_record
SF:lib\ui\features\questionario\view_model\questionario_view_model.dart
DA:8,0
DA:14,0
DA:15,0
DA:18,0
DA:19,0
DA:21,0
DA:22,0
DA:23,0
DA:27,0
DA:28,0
DA:32,0
DA:35,0
DA:36,0
LF:13
LH:0
end_of_record
SF:lib\ui\core\widgets\forest_card.dart
DA:8,1
DA:15,1
DA:17,1
DA:19,1
DA:20,1
DA:21,1
DA:23,3
DA:24,2
DA:25,1
DA:27,1
DA:29,1
DA:30,1
DA:32,1
DA:33,1
DA:34,1
DA:36,1
DA:37,3
DA:38,1
DA:40,3
DA:47,1
DA:48,3
DA:49,1
DA:53,1
DA:59,1
DA:62,1
DA:63,5
DA:65,5
DA:67,1
DA:68,6
DA:69,1
DA:72,1
DA:73,3
DA:99,1
DA:100,1
DA:103,1
DA:105,1
LF:36
LH:36
end_of_record
SF:lib\ui\features\foresta\view\foresta_view.dart
DA:14,0
DA:16,0
DA:17,0
DA:23,0
DA:25,0
DA:26,0
DA:29,0
DA:33,0
DA:35,0
DA:37,0
DA:39,0
DA:63,1
DA:65,1
DA:67,1
DA:70,1
DA:71,1
DA:72,1
DA:73,2
DA:86,1
DA:88,1
DA:89,1
DA:91,1
DA:95,1
DA:99,1
DA:100,4
DA:101,1
DA:102,3
DA:103,1
DA:106,2
DA:119,3
DA:121,1
DA:125,1
DA:126,1
DA:128,1
DA:129,1
DA:130,1
DA:135,0
DA:137,0
DA:139,0
DA:145,1
DA:146,1
DA:150,1
DA:151,2
DA:164,3
DA:166,1
DA:168,1
DA:172,1
DA:173,1
DA:174,1
DA:175,1
DA:176,3
DA:180,1
DA:185,1
DA:186,1
DA:187,2
DA:188,1
DA:189,2
LF:57
LH:43
end_of_record
SF:lib\ui\features\foresta\view_model\foresta_view_model.dart
DA:13,0
DA:14,0
DA:15,0
DA:17,0
DA:18,0
DA:20,0
DA:21,0
DA:23,0
DA:24,0
DA:26,0
DA:28,0
DA:29,0
LF:12
LH:0
end_of_record
SF:lib\data\services\frase_service.dart
DA:7,0
DA:10,0
DA:11,0
DA:15,0
DA:20,0
DA:22,0
DA:25,0
DA:26,0
DA:28,0
DA:29,0
DA:35,0
DA:36,0
DA:39,0
DA:40,0
LF:14
LH:0
end_of_record
SF:lib\ui\features\foresta_immersiva\view\foresta_immersiva_view.dart
DA:9,2
DA:11,0
DA:12,0
DA:19,0
DA:21,0
DA:24,0
DA:25,0
DA:26,0
DA:27,0
DA:28,0
DA:29,0
DA:30,0
DA:36,0
DA:37,0
DA:41,0
DA:43,0
DA:44,0
DA:46,0
DA:48,0
DA:52,0
DA:57,0
DA:58,0
DA:60,0
DA:62,0
DA:66,0
DA:69,0
DA:76,0
DA:78,0
DA:79,0
DA:81,0
DA:84,0
DA:85,0
DA:87,0
DA:89,0
DA:91,0
DA:97,0
DA:98,0
LF:37
LH:1
end_of_record
SF:lib\ui\features\storico_attivita\view\storico_attivita_view.dart
DA:10,2
DA:12,0
DA:13,0
DA:19,0
DA:21,0
DA:22,0
DA:23,0
DA:25,0
DA:30,0
DA:32,0
DA:35,0
DA:37,0
DA:38,0
DA:40,0
DA:42,0
DA:44,0
DA:46,0
DA:52,0
DA:67,1
DA:69,1
DA:72,1
DA:73,1
DA:74,1
DA:75,2
DA:79,2
DA:80,4
DA:83,3
DA:92,1
DA:94,3
DA:95,1
DA:96,3
DA:97,1
DA:101,14
DA:109,1
DA:110,1
DA:111,3
DA:112,3
DA:115,1
DA:127,1
DA:129,1
DA:132,1
DA:135,1
DA:136,1
DA:137,1
DA:139,2
DA:140,1
DA:153,1
LF:47
LH:30
end_of_record
SF:lib\ui\features\storico_attivita\view_model\storico_attivita_view_model.dart
DA:12,0
DA:13,0
DA:14,0
DA:15,0
DA:19,0
DA:21,0
DA:22,0
DA:24,0
DA:25,0
LF:9
LH:0
end_of_record
SF:lib\ui\features\percorsi_community\view\percorsi_community_view.dart
DA:10,0
DA:12,0
DA:13,0
DA:19,0
DA:21,0
DA:22,0
DA:25,0
DA:28,0
DA:30,0
DA:31,0
DA:33,0
DA:35,0
DA:36,0
DA:39,0
DA:52,1
DA:54,0
DA:57,0
DA:58,0
DA:60,0
DA:62,0
DA:73,1
DA:75,1
DA:78,1
DA:80,1
DA:82,1
DA:83,1
DA:84,1
DA:85,1
DA:91,1
DA:92,3
DA:107,1
DA:109,1
DA:112,1
DA:113,1
DA:114,1
DA:115,1
DA:117,1
DA:120,3
DA:121,1
DA:122,3
DA:123,3
DA:125,1
DA:127,1
DA:128,1
DA:130,3
DA:133,1
DA:152,1
DA:154,1
DA:157,1
DA:158,1
DA:159,1
DA:160,2
DA:164,2
DA:165,0
DA:168,3
DA:177,0
DA:179,0
DA:180,0
DA:181,0
DA:182,0
DA:183,0
DA:185,0
DA:186,0
DA:187,0
DA:190,0
DA:192,0
DA:194,0
DA:196,0
DA:208,1
DA:210,1
DA:213,1
DA:215,1
DA:216,1
DA:218,1
DA:219,0
DA:220,0
DA:230,1
DA:238,1
DA:241,1
DA:242,1
DA:243,2
DA:245,1
DA:256,1
LF:83
LH:48
end_of_record
SF:lib\ui\features\percorsi_community\view_model\percorsi_community_view_model.dart
DA:34,0
DA:35,0
DA:36,0
DA:40,0
DA:41,0
DA:42,0
DA:43,0
DA:47,0
DA:48,0
DA:49,0
DA:53,0
DA:54,0
DA:55,0
DA:56,0
DA:59,0
DA:60,0
DA:61,0
DA:62,0
DA:64,0
DA:65,0
DA:67,0
DA:68,0
DA:70,0
DA:74,0
DA:76,0
DA:78,0
DA:79,0
DA:83,0
DA:85,0
DA:88,0
DA:89,0
DA:90,0
DA:91,0
DA:93,0
DA:95,0
DA:99,0
DA:104,0
DA:105,0
DA:106,0
DA:109,0
DA:111,0
DA:112,0
DA:114,0
DA:116,0
LF:44
LH:0
end_of_record
